<?xml version="1.0" encoding="UTF-8"?>
<!-- Generated by org.testng.reporters.JUnitReportReporter -->
<testsuite hostname="CBT-033" name="JenkinPackage.JenkinTest" tests="1" failures="0" timestamp="7 Aug 2016 11:00:21 GMT" time="12.859" errors="0">
  <testcase name="Jenkins" time="12.859" classname="JenkinPackage.JenkinTest"/>
</testsuite> <!-- JenkinPackage.JenkinTest -->
