<?xml version="1.0" encoding="UTF-8"?>
<!-- Generated by org.testng.reporters.JUnitReportReporter -->
<testsuite hostname="CBT-033" name="JenkinPackage.JenkinTest" tests="1" failures="0" timestamp="7 Aug 2016 10:46:24 GMT" time="19.949" errors="0">
  <testcase name="Jenkins" time="19.949" classname="JenkinPackage.JenkinTest"/>
</testsuite> <!-- JenkinPackage.JenkinTest -->
