<?xml version="1.0" encoding="UTF-8"?>
<!-- Generated by org.testng.reporters.JUnitReportReporter -->
<testsuite hostname="CBT-033" name="JenkinPackage.test" tests="1" failures="0" timestamp="7 Aug 2016 10:39:00 GMT" time="0.018" errors="0">
  <testcase name="test" time="0.018" classname="JenkinPackage.test"/>
</testsuite> <!-- JenkinPackage.test -->
