<?xml version="1.0" encoding="UTF-8"?>
<!-- Generated by org.testng.reporters.JUnitReportReporter -->
<testsuite hostname="CBT-033" name="JenkinPackage.JenkinTest" tests="1" failures="0" timestamp="31 Jul 2016 10:38:35 GMT" time="6.828" errors="0">
  <testcase name="jenkinTestMethod" time="6.828" classname="JenkinPackage.JenkinTest"/>
</testsuite> <!-- JenkinPackage.JenkinTest -->
