<?xml version="1.0" encoding="UTF-8"?>
<!-- Generated by org.testng.reporters.JUnitReportReporter -->
<testsuite hostname="CBT-033" name="JenkinPackage.JenkinTest" tests="1" failures="0" timestamp="7 Aug 2016 13:22:57 GMT" time="14.132" errors="0">
  <testcase name="jenkinTestMethod" time="14.132" classname="JenkinPackage.JenkinTest"/>
</testsuite> <!-- JenkinPackage.JenkinTest -->
